#
# There is insufficient memory for the Java Runtime Environment to continue.
# Native memory allocation (mmap) failed to map 268435456 bytes for G1 virtual space
# Possible reasons:
#   The system is out of physical RAM or swap space
#   The process is running with CompressedOops enabled, and the Java Heap may be blocking the growth of the native heap
# Possible solutions:
#   Reduce memory load on the system
#   Increase physical memory or swap space
#   Check if swap backing store is full
#   Decrease Java heap size (-Xmx/-Xms)
#   Decrease number of Java threads
#   Decrease Java thread stack sizes (-Xss)
#   Set larger code cache with -XX:ReservedCodeCacheSize=
#   JVM is running with Zero Based Compressed Oops mode in which the Java heap is
#     placed in the first 32GB address space. The Java Heap base address is the
#     maximum limit for the native heap growth. Please use -XX:HeapBaseMinAddress
#     to set the Java Heap base and to place the Java Heap above 32GB virtual address.
# This output file may be truncated or incomplete.
#
#  Out of Memory Error (os_windows.cpp:3825), pid=40540, tid=20440
#
# JRE version:  (17.0.9+7) (build )
# Java VM: OpenJDK 64-Bit Server VM (17.0.9+7-b1087.9, mixed mode, sharing, tiered, compressed oops, compressed class ptrs, g1 gc, windows-amd64)
# No core dump will be written. Minidumps are not enabled by default on client versions of Windows
#

---------------  S U M M A R Y ------------

Command Line: git4idea.http.GitAskPassApp Username for 'https://github.com': 

Host: AMD Ryzen 5 2600X Six-Core Processor           , 12 cores, 15G,  Windows 11 , 64 bit Build 22621 (10.0.22621.2506)
Time: Tue Jan 16 04:10:38 2024 Hora estándar romance elapsed time: 0.013982 seconds (0d 0h 0m 0s)

---------------  T H R E A D  ---------------

Current thread (0x000002881d8efd40):  JavaThread "Unknown thread" [_thread_in_vm, id=20440, stack(0x000000894dd00000,0x000000894de00000)]

Stack: [0x000000894dd00000,0x000000894de00000]
Native frames: (J=compiled Java code, j=interpreted, Vv=VM code, C=native code)
V  [jvm.dll+0x688349]
V  [jvm.dll+0x841bfa]
V  [jvm.dll+0x84383e]
V  [jvm.dll+0x843ea3]
V  [jvm.dll+0x24bdef]
V  [jvm.dll+0x6850f9]
V  [jvm.dll+0x67988a]
V  [jvm.dll+0x30cbfb]
V  [jvm.dll+0x3140a6]
V  [jvm.dll+0x363ede]
V  [jvm.dll+0x36410f]
V  [jvm.dll+0x2e29c8]
V  [jvm.dll+0x2e3934]
V  [jvm.dll+0x812771]
V  [jvm.dll+0x371d41]
V  [jvm.dll+0x7f12bc]
V  [jvm.dll+0x3f59cf]
V  [jvm.dll+0x3f7601]
C  [jli.dll+0x528f]
C  [ucrtbase.dll+0x29363]
C  [KERNEL32.DLL+0x1257d]
C  [ntdll.dll+0x5aa58]


---------------  P R O C E S S  ---------------

Threads class SMR info:
_java_thread_list=0x00007ffcb5f5df18, length=0, elements={
}

Java Threads: ( => current thread )

Other Threads:
  0x000002881d95a3b0 GCTaskThread "GC Thread#0" [stack: 0x000000894de00000,0x000000894df00000] [id=3892]
  0x000002881d96b150 ConcurrentGCThread "G1 Main Marker" [stack: 0x000000894df00000,0x000000894e000000] [id=37544]
  0x000002881d96c220 ConcurrentGCThread "G1 Conc#0" [stack: 0x000000894e000000,0x000000894e100000] [id=38220]

[error occurred during error reporting (printing all threads), id 0xc0000005, EXCEPTION_ACCESS_VIOLATION (0xc0000005) at pc=0x00007ffcb5713597]

VM state: not at safepoint (not fully initialized)

VM Mutex/Monitor currently owned by a thread:  ([mutex/lock_event])
[0x000002881d8e9230] Heap_lock - owner thread: 0x000002881d8efd40

Heap address: 0x0000000700c00000, size: 4084 MB, Compressed Oops mode: Zero based, Oop shift amount: 3

CDS archive(s) mapped at: [0x0000000000000000-0x0000000000000000-0x0000000000000000), size 0, SharedBaseAddress: 0x0000000800000000, ArchiveRelocationMode: 1.
Narrow klass base: 0x0000000000000000, Narrow klass shift: 0, Narrow klass range: 0x0

GC Precious Log:
<Empty>

Heap:
 garbage-first heap   total 0K, used 0K [0x0000000700c00000, 0x0000000800000000)
  region size 2048K, 0 young (0K), 0 survivors (0K)
 Metaspace       used 0K, committed 0K, reserved 0K
  class space    used 0K, committed 0K, reserved 0K

Heap Regions: E=young(eden), S=young(survivor), O=old, HS=humongous(starts), HC=humongous(continues), CS=collection set, F=free, OA=open archive, CA=closed archive, TAMS=top-at-mark-start (previous, next)

Card table byte_map: [0x0000028830dc0000,0x00000288315c0000] _byte_map_base: 0x000002882d5ba000

Marking Bits (Prev, Next): (CMBitMap*) 0x000002881d95a8e0, (CMBitMap*) 0x000002881d95a920
 Prev Bits: [0x0000028831dc0000, 0x0000028835d90000)
 Next Bits: [0x0000028835d90000, 0x0000028839d60000)

GC Heap History (0 events):
No events

Dll operation events (1 events):
Event: 0.009 Loaded shared library C:\Program Files\JetBrains\IntelliJ IDEA 2023.3.2\jbr\bin\java.dll

Deoptimization events (0 events):
No events

Classes unloaded (0 events):
No events

Classes redefined (0 events):
No events

Internal exceptions (0 events):
No events

VM Operations (0 events):
No events

Events (0 events):
No events


Dynamic libraries:
0x00007ff62e5a0000 - 0x00007ff62e5aa000 	C:\Program Files\JetBrains\IntelliJ IDEA 2023.3.2\jbr\bin\java.exe
0x00007ffd18410000 - 0x00007ffd18627000 	C:\WINDOWS\SYSTEM32\ntdll.dll
0x00007ffd17770000 - 0x00007ffd17834000 	C:\WINDOWS\System32\KERNEL32.DLL
0x00007ffd15970000 - 0x00007ffd15d16000 	C:\WINDOWS\System32\KERNELBASE.dll
0x00007ffd15e40000 - 0x00007ffd15f51000 	C:\WINDOWS\System32\ucrtbase.dll
0x00007ffd01f40000 - 0x00007ffd01f57000 	C:\Program Files\JetBrains\IntelliJ IDEA 2023.3.2\jbr\bin\jli.dll
0x00007ffcf9a90000 - 0x00007ffcf9aab000 	C:\Program Files\JetBrains\IntelliJ IDEA 2023.3.2\jbr\bin\VCRUNTIME140.dll
0x00007ffd18110000 - 0x00007ffd182be000 	C:\WINDOWS\System32\USER32.dll
0x00007ffd15940000 - 0x00007ffd15966000 	C:\WINDOWS\System32\win32u.dll
0x00007ffd07f00000 - 0x00007ffd08193000 	C:\WINDOWS\WinSxS\amd64_microsoft.windows.common-controls_6595b64144ccf1df_6.0.22621.2506_none_270c5ae97388e100\COMCTL32.dll
0x00007ffd17840000 - 0x00007ffd17869000 	C:\WINDOWS\System32\GDI32.dll
0x00007ffd16b80000 - 0x00007ffd16c27000 	C:\WINDOWS\System32\msvcrt.dll
0x00007ffd15d20000 - 0x00007ffd15e38000 	C:\WINDOWS\System32\gdi32full.dll
0x00007ffd160c0000 - 0x00007ffd1615a000 	C:\WINDOWS\System32\msvcp_win.dll
0x00007ffd16c30000 - 0x00007ffd16c61000 	C:\WINDOWS\System32\IMM32.DLL
0x00007ffd01b90000 - 0x00007ffd01b9c000 	C:\Program Files\JetBrains\IntelliJ IDEA 2023.3.2\jbr\bin\vcruntime140_1.dll
0x00007ffce76e0000 - 0x00007ffce776d000 	C:\Program Files\JetBrains\IntelliJ IDEA 2023.3.2\jbr\bin\msvcp140.dll
0x00007ffcb5420000 - 0x00007ffcb60a2000 	C:\Program Files\JetBrains\IntelliJ IDEA 2023.3.2\jbr\bin\server\jvm.dll
0x00007ffd16160000 - 0x00007ffd16213000 	C:\WINDOWS\System32\ADVAPI32.dll
0x00007ffd179d0000 - 0x00007ffd17a78000 	C:\WINDOWS\System32\sechost.dll
0x00007ffd15f60000 - 0x00007ffd15f88000 	C:\WINDOWS\System32\bcrypt.dll
0x00007ffd17250000 - 0x00007ffd17367000 	C:\WINDOWS\System32\RPCRT4.dll
0x00007ffd145d0000 - 0x00007ffd1461d000 	C:\WINDOWS\SYSTEM32\POWRPROF.dll
0x00007ffce2880000 - 0x00007ffce2889000 	C:\WINDOWS\SYSTEM32\WSOCK32.dll
0x00007ffd0afa0000 - 0x00007ffd0afd4000 	C:\WINDOWS\SYSTEM32\WINMM.dll
0x00007ffd0d000000 - 0x00007ffd0d00a000 	C:\WINDOWS\SYSTEM32\VERSION.dll
0x00007ffd17ea0000 - 0x00007ffd17f11000 	C:\WINDOWS\System32\WS2_32.dll
0x00007ffd145b0000 - 0x00007ffd145c3000 	C:\WINDOWS\SYSTEM32\UMPDC.dll
0x00007ffd14870000 - 0x00007ffd14888000 	C:\WINDOWS\SYSTEM32\kernel.appcore.dll
0x00007ffd10330000 - 0x00007ffd1033a000 	C:\Program Files\JetBrains\IntelliJ IDEA 2023.3.2\jbr\bin\jimage.dll
0x00007ffd13180000 - 0x00007ffd133b3000 	C:\WINDOWS\SYSTEM32\DBGHELP.DLL
0x00007ffd17af0000 - 0x00007ffd17e79000 	C:\WINDOWS\System32\combase.dll
0x00007ffd16cf0000 - 0x00007ffd16dc7000 	C:\WINDOWS\System32\OLEAUT32.dll
0x00007ffce53d0000 - 0x00007ffce5402000 	C:\WINDOWS\SYSTEM32\dbgcore.DLL
0x00007ffd158c0000 - 0x00007ffd1593a000 	C:\WINDOWS\System32\bcryptPrimitives.dll
0x00007ffd02210000 - 0x00007ffd02235000 	C:\Program Files\JetBrains\IntelliJ IDEA 2023.3.2\jbr\bin\java.dll

dbghelp: loaded successfully - version: 4.0.5 - missing functions: none
symbol engine: initialized successfully - sym options: 0x614 - pdb path: .;C:\Program Files\JetBrains\IntelliJ IDEA 2023.3.2\jbr\bin;C:\WINDOWS\SYSTEM32;C:\WINDOWS\WinSxS\amd64_microsoft.windows.common-controls_6595b64144ccf1df_6.0.22621.2506_none_270c5ae97388e100;C:\Program Files\JetBrains\IntelliJ IDEA 2023.3.2\jbr\bin\server

VM Arguments:
java_command: git4idea.http.GitAskPassApp Username for 'https://github.com': 
java_class_path (initial): C:/Program Files/JetBrains/IntelliJ IDEA 2023.3.2/plugins/vcs-git/lib/git4idea-rt.jar;C:/Program Files/JetBrains/IntelliJ IDEA 2023.3.2/lib/externalProcess-rt.jar
Launcher Type: SUN_STANDARD

[Global flags]
     intx CICompilerCount                          = 4                                         {product} {ergonomic}
     uint ConcGCThreads                            = 3                                         {product} {ergonomic}
     uint G1ConcRefinementThreads                  = 10                                        {product} {ergonomic}
   size_t G1HeapRegionSize                         = 2097152                                   {product} {ergonomic}
    uintx GCDrainStackTargetSize                   = 64                                        {product} {ergonomic}
   size_t InitialHeapSize                          = 268435456                                 {product} {ergonomic}
   size_t MarkStackSize                            = 4194304                                   {product} {ergonomic}
   size_t MaxHeapSize                              = 4282384384                                {product} {ergonomic}
   size_t MinHeapDeltaBytes                        = 2097152                                   {product} {ergonomic}
   size_t MinHeapSize                              = 8388608                                   {product} {ergonomic}
    uintx NonNMethodCodeHeapSize                   = 5839372                                {pd product} {ergonomic}
    uintx NonProfiledCodeHeapSize                  = 122909434                              {pd product} {ergonomic}
    uintx ProfiledCodeHeapSize                     = 122909434                              {pd product} {ergonomic}
    uintx ReservedCodeCacheSize                    = 251658240                              {pd product} {ergonomic}
     bool SegmentedCodeCache                       = true                                      {product} {ergonomic}
   size_t SoftMaxHeapSize                          = 4282384384                             {manageable} {ergonomic}
     bool UseCompressedClassPointers               = true                           {product lp64_product} {ergonomic}
     bool UseCompressedOops                        = true                           {product lp64_product} {ergonomic}
     bool UseG1GC                                  = true                                      {product} {ergonomic}
     bool UseLargePagesIndividualAllocation        = false                                  {pd product} {ergonomic}

Logging:
Log output configuration:
 #0: stdout all=warning uptime,level,tags
 #1: stderr all=off uptime,level,tags

Environment Variables:
PATH=C:\Program Files\Git\mingw64\libexec\git-core;C:\Program Files\Git\mingw64\libexec\git-core;C:\Program Files\Git\mingw64\bin;C:\Program Files\Git\usr\bin;C:\Users\hulke\bin;C:\Program Files\Common Files\Oracle\Java\javapath;C:\Python310\Scripts;C:\Python310;C:\Windows\system32;C:\Windows;C:\Windows\System32\Wbem;C:\Windows\System32\WindowsPowerShell\v1.0;C:\Windows\System32\OpenSSH;C:\Program Files (x86)\NVIDIA Corporation\PhysX\Common;C:\Program Files\NVIDIA Corporation\NVIDIA NvDLISR;C:\Program Files\Calibre2;C:\Program Files\nodejs;C:\ProgramData\chocolatey\bin;C:\Program Files\dotnet;C:\WINDOWS\system32;C:\WINDOWS;C:\WINDOWS\System32\Wbem;C:\WINDOWS\System32\WindowsPowerShell\v1.0;C:\WINDOWS\System32\OpenSSH;C:\Users\hulke\AppData\Local\TRIGGERcmdAgent\app-1.0.25;C:\Riot Games\League of Legends;C:\Users\hulke\AppData\Local\Microsoft\WindowsApps;C:\Users\hulke\AppData\Local\Programs\Microsoft VS Code\bin;C:\Users\hulke\AppData\Roaming\npm;C:\Users\hulke\spicetify-cli;C:\Users\hulke\AppData\Local\Microsoft\WindowsApps;C:\adb;C:\Program Files\Git\cmd;C:\Users\hulke\AppData\Local\Microsoft\WindowsApps;C:\Users\hulke\AppData\Roaming\npm;C:\Users\hulke\spicetify-cli;C:\Users\hulke\AppData\Local\Microsoft\WindowsApps;C:\Riot Games\League of Legends;C:\Program Files\JetBrains\IntelliJ IDEA Community Edition 2023.3.2\bin
USERNAME=hulke
DISPLAY=:0.0
LC_ALL=en_US.UTF-8
TERM=xterm-256color
TMPDIR=C:\Users\hulke\AppData\Local\Temp
OS=Windows_NT
PROCESSOR_IDENTIFIER=AMD64 Family 23 Model 8 Stepping 2, AuthenticAMD
TMP=C:\Users\hulke\AppData\Local\Temp
TEMP=C:\Users\hulke\AppData\Local\Temp



Periodic native trim disabled

JNI global refs:
JNI global refs: 0, weak refs: 0

JNI global refs memory usage: 0, weak refs: 0

OOME stack traces (most recent first):
Classloader memory used:


---------------  S Y S T E M  ---------------

OS:
 Windows 11 , 64 bit Build 22621 (10.0.22621.2506)
OS uptime: 0 days 13:10 hours

CPU: total 12 (initial active 12) (12 cores per cpu, 2 threads per core) family 23 model 8 stepping 2 microcode 0x0, cx8, cmov, fxsr, ht, mmx, 3dnowpref, sse, sse2, sse3, ssse3, sse4a, sse4.1, sse4.2, popcnt, lzcnt, tsc, tscinvbit, avx, avx2, aes, clmul, bmi1, bmi2, adx, sha, fma, vzeroupper, clflush, clflushopt
Processor Information for all 12 processors :
  Max Mhz: 3600, Current Mhz: 3600, Mhz Limit: 3600

Memory: 4k page, system-wide physical 16333M (1647M free)
TotalPageFile size 65485M (AvailPageFile size 100M)
current process WorkingSet (physical memory assigned to process): 11M, peak: 11M
current process commit charge ("private bytes"): 64M, peak: 320M

vm_info: OpenJDK 64-Bit Server VM (17.0.9+7-b1087.9) for windows-amd64 JRE (17.0.9+7-b1087.9), built on 2023-12-05 by "builduser" with MS VC++ 16.10 / 16.11 (VS2019)

END.
